<?xml version="1.0" encoding="UTF-8"?>
<!-- Generated by org.testng.reporters.JUnitXMLReporter -->
<testsuite ignored="0" hostname="DESKTOP-332345G" failures="1" tests="1" name="Test" time="26.352" errors="0" timestamp="2024-05-06T13:02:59 IST">
  <testcase classname="RWS.tests.AccessibilityTest" name="Operable" time="26.18">
    <failure type="java.lang.AssertionError" message="expected [https://ahainstructornetwork.americanheart.org/AHAECC/classConnector.jsp?pid=ahaecc.classconnector.home&amp;amp;_ga=2.180895399.1894385880.1714980759-1759647741.1714980759&amp;amp;_gl=1*b5gbdu*_ga*MTc1OTY0Nzc0MS4xNzE0OTgwNzU5*_ga_QKRW9XMZP7*MTcxNDk4MDc1OS4xLjEuMTcxNDk4MDc2OC4wLjAuMA..] but found [https://atlas.heart.org/home]">
      <![CDATA[java.lang.AssertionError: expected [https://ahainstructornetwork.americanheart.org/AHAECC/classConnector.jsp?pid=ahaecc.classconnector.home&_ga=2.180895399.1894385880.1714980759-1759647741.1714980759&_gl=1*b5gbdu*_ga*MTc1OTY0Nzc0MS4xNzE0OTgwNzU5*_ga_QKRW9XMZP7*MTcxNDk4MDc1OS4xLjEuMTcxNDk4MDc2OC4wLjAuMA..] but found [https://atlas.heart.org/home]
at RWS.PageObjects.LandingPage.linkNavigation(LandingPage.java:621)
at RWS.PageObjects.LandingPage.checkKeyboardFunctionality1(LandingPage.java:505)
at RWS.tests.AccessibilityTest.Operable(AccessibilityTest.java:40)
at java.base/java.util.ArrayList.forEach(ArrayList.java:1596)
... Removed 31 stack frames]]>
    </failure>
  </testcase> <!-- Operable -->
</testsuite> <!-- Test -->
